# JRE version: OpenJDK Runtime Environment Temurin-21.0.7+6 (21.0.7+6) (build 21.0.7+6-LTS)
# Java VM: OpenJDK 64-Bit Server VM Temurin-21.0.7+6 (21.0.7+6-LTS, mixed mode, sharing, tiered, compressed oops, compressed class ptrs, parallel gc, windows-amd64)
GC Precious Log:
 CardTable entry size: 512
 CPUs: 4 total, 4 available
 Memory: 3891M
 Large Page Support: Disabled
 NUMA Support: Disabled
 Compressed Oops: Enabled (32-bit)
 Alignments: Space 512K, Generation 512K, Heap 2M
 Heap Min Capacity: 100M
 Heap Initial Capacity: 100M
 Heap Max Capacity: 1G
 Pre-touch: Disabled
 Parallel Workers: 4
Heap:
 PSYoungGen      total 5632K, used 5221K [0x00000000eab00000, 0x00000000eb200000, 0x0000000100000000)
  eden space 4096K, 100% used [0x00000000eab00000,0x00000000eaf00000,0x00000000eaf00000)
  from space 1536K, 73% used [0x00000000eb080000,0x00000000eb199610,0x00000000eb200000)
  to   space 1536K, 69% used [0x00000000eaf00000,0x00000000eb009748,0x00000000eb080000)
 ParOldGen       total 197120K, used 197078K [0x00000000c0000000, 0x00000000cc080000, 0x00000000eab00000)
  object space 197120K, 99% used [0x00000000c0000000,0x00000000cc075830,0x00000000cc080000)
 Metaspace       used 64361K, committed 65856K, reserved 1114112K
  class space    used 6593K, committed 7232K, reserved 1048576K
GC Heap History (20 events):
Event: 57.776 GC heap before
{Heap before GC invocations=184 (full 3):
 PSYoungGen      total 6144K, used 5889K [0x00000000eab00000, 0x00000000eb280000, 0x0000000100000000)
  eden space 4608K, 100% used [0x00000000eab00000,0x00000000eaf80000,0x00000000eaf80000)
  from space 1536K, 83% used [0x00000000eb100000,0x00000000eb240430,0x00000000eb280000)
  to   space 1536K, 0% used [0x00000000eaf80000,0x00000000eaf80000,0x00000000eb100000)
 ParOldGen       total 186880K, used 186838K [0x00000000c0000000, 0x00000000cb680000, 0x00000000eab00000)
  object space 186880K, 99% used [0x00000000c0000000,0x00000000cb675ba0,0x00000000cb680000)
 Metaspace       used 64250K, committed 65792K, reserved 1114112K
  class space    used 6589K, committed 7232K, reserved 1048576K
}
Event: 57.800 GC heap after
{Heap after GC invocations=184 (full 3):
 PSYoungGen      total 6144K, used 1024K [0x00000000eab00000, 0x00000000eb280000, 0x0000000100000000)
  eden space 4608K, 0% used [0x00000000eab00000,0x00000000eab00000,0x00000000eaf80000)
  from space 1536K, 66% used [0x00000000eaf80000,0x00000000eb080000,0x00000000eb100000)
  to   space 1536K, 0% used [0x00000000eb100000,0x00000000eb100000,0x00000000eb280000)
 ParOldGen       total 188416K, used 188022K [0x00000000c0000000, 0x00000000cb800000, 0x00000000eab00000)
  object space 188416K, 99% used [0x00000000c0000000,0x00000000cb79d908,0x00000000cb800000)
 Metaspace       used 64250K, committed 65792K, reserved 1114112K
  class space    used 6589K, committed 7232K, reserved 1048576K
}
Event: 59.078 GC heap before
{Heap before GC invocations=185 (full 3):
 PSYoungGen      total 6144K, used 5632K [0x00000000eab00000, 0x00000000eb280000, 0x0000000100000000)
  eden space 4608K, 100% used [0x00000000eab00000,0x00000000eaf80000,0x00000000eaf80000)
  from space 1536K, 66% used [0x00000000eaf80000,0x00000000eb080000,0x00000000eb100000)
  to   space 1536K, 0% used [0x00000000eb100000,0x00000000eb100000,0x00000000eb280000)
 ParOldGen       total 188416K, used 188022K [0x00000000c0000000, 0x00000000cb800000, 0x00000000eab00000)
  object space 188416K, 99% used [0x00000000c0000000,0x00000000cb79d908,0x00000000cb800000)
 Metaspace       used 64321K, committed 65856K, reserved 1114112K
  class space    used 6589K, committed 7232K, reserved 1048576K
}
Event: 59.089 GC heap after
{Heap after GC invocations=185 (full 3):
 PSYoungGen      total 5120K, used 448K [0x00000000eab00000, 0x00000000eb180000, 0x0000000100000000)
  eden space 4608K, 0% used [0x00000000eab00000,0x00000000eab00000,0x00000000eaf80000)
  from space 512K, 87% used [0x00000000eb100000,0x00000000eb170000,0x00000000eb180000)
  to   space 1024K, 0% used [0x00000000eaf80000,0x00000000eaf80000,0x00000000eb080000)
 ParOldGen       total 188928K, used 188746K [0x00000000c0000000, 0x00000000cb880000, 0x00000000eab00000)
  object space 188928K, 99% used [0x00000000c0000000,0x00000000cb852940,0x00000000cb880000)
 Metaspace       used 64321K, committed 65856K, reserved 1114112K
  class space    used 6589K, committed 7232K, reserved 1048576K
}
Event: 60.539 GC heap before
{Heap before GC invocations=186 (full 3):
 PSYoungGen      total 5120K, used 5056K [0x00000000eab00000, 0x00000000eb180000, 0x0000000100000000)
  eden space 4608K, 100% used [0x00000000eab00000,0x00000000eaf80000,0x00000000eaf80000)
  from space 512K, 87% used [0x00000000eb100000,0x00000000eb170000,0x00000000eb180000)
  to   space 1024K, 0% used [0x00000000eaf80000,0x00000000eaf80000,0x00000000eb080000)
 ParOldGen       total 188928K, used 188746K [0x00000000c0000000, 0x00000000cb880000, 0x00000000eab00000)
  object space 188928K, 99% used [0x00000000c0000000,0x00000000cb852940,0x00000000cb880000)
 Metaspace       used 64361K, committed 65856K, reserved 1114112K
  class space    used 6593K, committed 7232K, reserved 1048576K
}
Event: 60.566 GC heap after
{Heap after GC invocations=186 (full 3):
 PSYoungGen      total 5632K, used 999K [0x00000000eab00000, 0x00000000eb380000, 0x0000000100000000)
  eden space 4608K, 0% used [0x00000000eab00000,0x00000000eab00000,0x00000000eaf80000)
  from space 1024K, 97% used [0x00000000eaf80000,0x00000000eb079e90,0x00000000eb080000)
  to   space 2048K, 0% used [0x00000000eb180000,0x00000000eb180000,0x00000000eb380000)
 ParOldGen       total 189440K, used 189274K [0x00000000c0000000, 0x00000000cb900000, 0x00000000eab00000)
  object space 189440K, 99% used [0x00000000c0000000,0x00000000cb8d6900,0x00000000cb900000)
 Metaspace       used 64361K, committed 65856K, reserved 1114112K
  class space    used 6593K, committed 7232K, reserved 1048576K
}
Event: 61.236 GC heap before
{Heap before GC invocations=187 (full 3):
 PSYoungGen      total 5632K, used 5607K [0x00000000eab00000, 0x00000000eb380000, 0x0000000100000000)
  eden space 4608K, 100% used [0x00000000eab00000,0x00000000eaf80000,0x00000000eaf80000)
  from space 1024K, 97% used [0x00000000eaf80000,0x00000000eb079e90,0x00000000eb080000)
  to   space 2048K, 0% used [0x00000000eb180000,0x00000000eb180000,0x00000000eb380000)
 ParOldGen       total 189440K, used 189274K [0x00000000c0000000, 0x00000000cb900000, 0x00000000eab00000)
  object space 189440K, 99% used [0x00000000c0000000,0x00000000cb8d6900,0x00000000cb900000)
 Metaspace       used 64361K, committed 65856K, reserved 1114112K
  class space    used 6593K, committed 7232K, reserved 1048576K
}
Event: 61.247 GC heap after
{Heap after GC invocations=187 (full 3):
 PSYoungGen      total 6144K, used 1148K [0x00000000eab00000, 0x00000000eb300000, 0x0000000100000000)
  eden space 4608K, 0% used [0x00000000eab00000,0x00000000eab00000,0x00000000eaf80000)
  from space 1536K, 74% used [0x00000000eb180000,0x00000000eb29f2a0,0x00000000eb300000)
  to   space 1536K, 0% used [0x00000000eb000000,0x00000000eb000000,0x00000000eb180000)
 ParOldGen       total 190464K, used 190156K [0x00000000c0000000, 0x00000000cba00000, 0x00000000eab00000)
  object space 190464K, 99% used [0x00000000c0000000,0x00000000cb9b3158,0x00000000cba00000)
 Metaspace       used 64361K, committed 65856K, reserved 1114112K
  class space    used 6593K, committed 7232K, reserved 1048576K
}
Event: 61.832 GC heap before
{Heap before GC invocations=188 (full 3):
 PSYoungGen      total 6144K, used 5756K [0x00000000eab00000, 0x00000000eb300000, 0x0000000100000000)
  eden space 4608K, 100% used [0x00000000eab00000,0x00000000eaf80000,0x00000000eaf80000)
  from space 1536K, 74% used [0x00000000eb180000,0x00000000eb29f2a0,0x00000000eb300000)
  to   space 1536K, 0% used [0x00000000eb000000,0x00000000eb000000,0x00000000eb180000)
 ParOldGen       total 190464K, used 190156K [0x00000000c0000000, 0x00000000cba00000, 0x00000000eab00000)
  object space 190464K, 99% used [0x00000000c0000000,0x00000000cb9b3158,0x00000000cba00000)
 Metaspace       used 64361K, committed 65856K, reserved 1114112K
  class space    used 6593K, committed 7232K, reserved 1048576K
}
Event: 61.835 GC heap after
{Heap after GC invocations=188 (full 3):
 PSYoungGen      total 6144K, used 1177K [0x00000000eab00000, 0x00000000eb280000, 0x0000000100000000)
  eden space 4608K, 0% used [0x00000000eab00000,0x00000000eab00000,0x00000000eaf80000)
  from space 1536K, 76% used [0x00000000eb000000,0x00000000eb126428,0x00000000eb180000)
  to   space 1024K, 0% used [0x00000000eb180000,0x00000000eb180000,0x00000000eb280000)
 ParOldGen       total 191488K, used 191231K [0x00000000c0000000, 0x00000000cbb00000, 0x00000000eab00000)
  object space 191488K, 99% used [0x00000000c0000000,0x00000000cbabfc90,0x00000000cbb00000)
 Metaspace       used 64361K, committed 65856K, reserved 1114112K
  class space    used 6593K, committed 7232K, reserved 1048576K
}
Event: 61.953 GC heap before
{Heap before GC invocations=189 (full 3):
 PSYoungGen      total 6144K, used 5785K [0x00000000eab00000, 0x00000000eb280000, 0x0000000100000000)
  eden space 4608K, 100% used [0x00000000eab00000,0x00000000eaf80000,0x00000000eaf80000)
  from space 1536K, 76% used [0x00000000eb000000,0x00000000eb126428,0x00000000eb180000)
  to   space 1024K, 0% used [0x00000000eb180000,0x00000000eb180000,0x00000000eb280000)
 ParOldGen       total 191488K, used 191231K [0x00000000c0000000, 0x00000000cbb00000, 0x00000000eab00000)
  object space 191488K, 99% used [0x00000000c0000000,0x00000000cbabfc90,0x00000000cbb00000)
 Metaspace       used 64361K, committed 65856K, reserved 1114112K
  class space    used 6593K, committed 7232K, reserved 1048576K
}
Event: 61.955 GC heap after
{Heap after GC invocations=189 (full 3):
 PSYoungGen      total 5120K, used 1023K [0x00000000eab00000, 0x00000000eb480000, 0x0000000100000000)
  eden space 4096K, 0% used [0x00000000eab00000,0x00000000eab00000,0x00000000eaf00000)
  from space 1024K, 99% used [0x00000000eb180000,0x00000000eb27fed8,0x00000000eb280000)
  to   space 2560K, 0% used [0x00000000eaf00000,0x00000000eaf00000,0x00000000eb180000)
 ParOldGen       total 192512K, used 192456K [0x00000000c0000000, 0x00000000cbc00000, 0x00000000eab00000)
  object space 192512K, 99% used [0x00000000c0000000,0x00000000cbbf2298,0x00000000cbc00000)
 Metaspace       used 64361K, committed 65856K, reserved 1114112K
  class space    used 6593K, committed 7232K, reserved 1048576K
}
Event: 62.029 GC heap before
{Heap before GC invocations=190 (full 3):
 PSYoungGen      total 5120K, used 5119K [0x00000000eab00000, 0x00000000eb480000, 0x0000000100000000)
  eden space 4096K, 100% used [0x00000000eab00000,0x00000000eaf00000,0x00000000eaf00000)
  from space 1024K, 99% used [0x00000000eb180000,0x00000000eb27fed8,0x00000000eb280000)
  to   space 2560K, 0% used [0x00000000eaf00000,0x00000000eaf00000,0x00000000eb180000)
 ParOldGen       total 192512K, used 192456K [0x00000000c0000000, 0x00000000cbc00000, 0x00000000eab00000)
  object space 192512K, 99% used [0x00000000c0000000,0x00000000cbbf2298,0x00000000cbc00000)
 Metaspace       used 64361K, committed 65856K, reserved 1114112K
  class space    used 6593K, committed 7232K, reserved 1048576K
}
Event: 62.032 GC heap after
{Heap after GC invocations=190 (full 3):
 PSYoungGen      total 5632K, used 1088K [0x00000000eab00000, 0x00000000eb200000, 0x0000000100000000)
  eden space 4096K, 0% used [0x00000000eab00000,0x00000000eab00000,0x00000000eaf00000)
  from space 1536K, 70% used [0x00000000eaf00000,0x00000000eb010370,0x00000000eb080000)
  to   space 1536K, 0% used [0x00000000eb080000,0x00000000eb080000,0x00000000eb200000)
 ParOldGen       total 193536K, used 193446K [0x00000000c0000000, 0x00000000cbd00000, 0x00000000eab00000)
  object space 193536K, 99% used [0x00000000c0000000,0x00000000cbce9800,0x00000000cbd00000)
 Metaspace       used 64361K, committed 65856K, reserved 1114112K
  class space    used 6593K, committed 7232K, reserved 1048576K
}
Event: 62.074 GC heap before
{Heap before GC invocations=191 (full 3):
 PSYoungGen      total 5632K, used 5184K [0x00000000eab00000, 0x00000000eb200000, 0x0000000100000000)
  eden space 4096K, 99% used [0x00000000eab00000,0x00000000eaefff90,0x00000000eaf00000)
  from space 1536K, 70% used [0x00000000eaf00000,0x00000000eb010370,0x00000000eb080000)
  to   space 1536K, 0% used [0x00000000eb080000,0x00000000eb080000,0x00000000eb200000)
 ParOldGen       total 193536K, used 193446K [0x00000000c0000000, 0x00000000cbd00000, 0x00000000eab00000)
  object space 193536K, 99% used [0x00000000c0000000,0x00000000cbce9800,0x00000000cbd00000)
 Metaspace       used 64361K, committed 65856K, reserved 1114112K
  class space    used 6593K, committed 7232K, reserved 1048576K
}
Event: 62.076 GC heap after
{Heap after GC invocations=191 (full 3):
 PSYoungGen      total 5632K, used 987K [0x00000000eab00000, 0x00000000eb200000, 0x0000000100000000)
  eden space 4096K, 0% used [0x00000000eab00000,0x00000000eab00000,0x00000000eaf00000)
  from space 1536K, 64% used [0x00000000eb080000,0x00000000eb176e50,0x00000000eb200000)
  to   space 1536K, 0% used [0x00000000eaf00000,0x00000000eaf00000,0x00000000eb080000)
 ParOldGen       total 194560K, used 194451K [0x00000000c0000000, 0x00000000cbe00000, 0x00000000eab00000)
  object space 194560K, 99% used [0x00000000c0000000,0x00000000cbde4fa0,0x00000000cbe00000)
 Metaspace       used 64361K, committed 65856K, reserved 1114112K
  class space    used 6593K, committed 7232K, reserved 1048576K
}
Event: 62.103 GC heap before
{Heap before GC invocations=192 (full 3):
 PSYoungGen      total 5632K, used 5083K [0x00000000eab00000, 0x00000000eb200000, 0x0000000100000000)
  eden space 4096K, 100% used [0x00000000eab00000,0x00000000eaf00000,0x00000000eaf00000)
  from space 1536K, 64% used [0x00000000eb080000,0x00000000eb176e50,0x00000000eb200000)
  to   space 1536K, 0% used [0x00000000eaf00000,0x00000000eaf00000,0x00000000eb080000)
 ParOldGen       total 194560K, used 194451K [0x00000000c0000000, 0x00000000cbe00000, 0x00000000eab00000)
  object space 194560K, 99% used [0x00000000c0000000,0x00000000cbde4fa0,0x00000000cbe00000)
 Metaspace       used 64361K, committed 65856K, reserved 1114112K
  class space    used 6593K, committed 7232K, reserved 1048576K
}
Event: 62.105 GC heap after
{Heap after GC invocations=192 (full 3):
 PSYoungGen      total 5632K, used 1068K [0x00000000eab00000, 0x00000000eb200000, 0x0000000100000000)
  eden space 4096K, 0% used [0x00000000eab00000,0x00000000eab00000,0x00000000eaf00000)
  from space 1536K, 69% used [0x00000000eaf00000,0x00000000eb00b300,0x00000000eb080000)
  to   space 1536K, 0% used [0x00000000eb080000,0x00000000eb080000,0x00000000eb200000)
 ParOldGen       total 195584K, used 195378K [0x00000000c0000000, 0x00000000cbf00000, 0x00000000eab00000)
  object space 195584K, 99% used [0x00000000c0000000,0x00000000cbecc9b0,0x00000000cbf00000)
 Metaspace       used 64361K, committed 65856K, reserved 1114112K
  class space    used 6593K, committed 7232K, reserved 1048576K
}
Event: 62.144 GC heap before
{Heap before GC invocations=193 (full 3):
 PSYoungGen      total 5632K, used 5164K [0x00000000eab00000, 0x00000000eb200000, 0x0000000100000000)
  eden space 4096K, 100% used [0x00000000eab00000,0x00000000eaf00000,0x00000000eaf00000)
  from space 1536K, 69% used [0x00000000eaf00000,0x00000000eb00b300,0x00000000eb080000)
  to   space 1536K, 0% used [0x00000000eb080000,0x00000000eb080000,0x00000000eb200000)
 ParOldGen       total 195584K, used 195378K [0x00000000c0000000, 0x00000000cbf00000, 0x00000000eab00000)
  object space 195584K, 99% used [0x00000000c0000000,0x00000000cbecc9b0,0x00000000cbf00000)
 Metaspace       used 64361K, committed 65856K, reserved 1114112K
  class space    used 6593K, committed 7232K, reserved 1048576K
}
Event: 62.146 GC heap after
{Heap after GC invocations=193 (full 3):
 PSYoungGen      total 5632K, used 1125K [0x00000000eab00000, 0x00000000eb200000, 0x0000000100000000)
  eden space 4096K, 0% used [0x00000000eab00000,0x00000000eab00000,0x00000000eaf00000)
  from space 1536K, 73% used [0x00000000eb080000,0x00000000eb199610,0x00000000eb200000)
  to   space 1536K, 0% used [0x00000000eaf00000,0x00000000eaf00000,0x00000000eb080000)
 ParOldGen       total 196608K, used 196355K [0x00000000c0000000, 0x00000000cc000000, 0x00000000eab00000)
  object space 196608K, 99% used [0x00000000c0000000,0x00000000cbfc0f30,0x00000000cc000000)
 Metaspace       used 64361K, committed 65856K, reserved 1114112K
  class space    used 6593K, committed 7232K, reserved 1048576K
}

